Analysis & Elaboration report for ContadorCredito
Sun Nov 29 17:32:01 2015
Quartus Prime Version 15.1.0 Build 185 10/21/2015 SJ Lite Edition


---------------------
; Table of Contents ;
---------------------
  1. Legal Notice
  2. Analysis & Elaboration Summary
  3. Parallel Compilation
  4. Analysis & Elaboration Settings
  5. Port Connectivity Checks: "ContadorCredito_Mux:MUX_REGISTRADOR"
  6. Analysis & Elaboration Messages



----------------
; Legal Notice ;
----------------
Copyright (C) 1991-2015 Altera Corporation. All rights reserved.
Your use of Altera Corporation's design tools, logic functions 
and other software and tools, and its AMPP partner logic 
functions, and any output files from any of the foregoing 
(including device programming or simulation files), and any 
associated documentation or information are expressly subject 
to the terms and conditions of the Altera Program License 
Subscription Agreement, the Altera Quartus Prime License Agreement,
the Altera MegaCore Function License Agreement, or other 
applicable license agreement, including, without limitation, 
that your use is for the sole purpose of programming logic 
devices manufactured by Altera and sold by Altera or its 
authorized distributors.  Please refer to the applicable 
agreement for further details.



+-----------------------------------------------------------------------------+
; Analysis & Elaboration Summary                                              ;
+-------------------------------+---------------------------------------------+
; Analysis & Elaboration Status ; Successful - Sun Nov 29 17:32:01 2015       ;
; Quartus Prime Version         ; 15.1.0 Build 185 10/21/2015 SJ Lite Edition ;
; Revision Name                 ; ContadorCredito                             ;
; Top-level Entity Name         ; ContadorCredito_Topo                        ;
; Family                        ; Cyclone V                                   ;
; Logic utilization (in ALMs)   ; N/A until Partition Merge                   ;
; Total registers               ; N/A until Partition Merge                   ;
; Total pins                    ; N/A until Partition Merge                   ;
; Total virtual pins            ; N/A until Partition Merge                   ;
; Total block memory bits       ; N/A until Partition Merge                   ;
; Total PLLs                    ; N/A until Partition Merge                   ;
; Total DLLs                    ; N/A until Partition Merge                   ;
+-------------------------------+---------------------------------------------+


+------------------------------------------+
; Parallel Compilation                     ;
+----------------------------+-------------+
; Processors                 ; Number      ;
+----------------------------+-------------+
; Number detected on machine ; 4           ;
; Maximum allowed            ; 4           ;
;                            ;             ;
; Average used               ; 1.00        ;
; Maximum used               ; 1           ;
;                            ;             ;
; Usage by Processor         ; % Time Used ;
;     Processor 1            ; 100.0%      ;
+----------------------------+-------------+


+-----------------------------------------------------------------------------------------------------------------------------+
; Analysis & Elaboration Settings                                                                                             ;
+---------------------------------------------------------------------------------+----------------------+--------------------+
; Option                                                                          ; Setting              ; Default Value      ;
+---------------------------------------------------------------------------------+----------------------+--------------------+
; Device                                                                          ; 5CSEMA5F31C6         ;                    ;
; Top-level entity name                                                           ; ContadorCredito_Topo ; ContadorCredito    ;
; Family name                                                                     ; Cyclone V            ; Cyclone V          ;
; Use smart compilation                                                           ; Off                  ; Off                ;
; Enable parallel Assembler and TimeQuest Timing Analyzer during compilation      ; On                   ; On                 ;
; Enable compact report table                                                     ; Off                  ; Off                ;
; Restructure Multiplexers                                                        ; Auto                 ; Auto               ;
; MLAB Add Timing Constraints For Mixed-Port Feed-Through Mode Setting Don't Care ; Off                  ; Off                ;
; Create Debugging Nodes for IP Cores                                             ; Off                  ; Off                ;
; Preserve fewer node names                                                       ; On                   ; On                 ;
; Disable OpenCore Plus hardware evaluation                                       ; Off                  ; Off                ;
; Verilog Version                                                                 ; Verilog_2001         ; Verilog_2001       ;
; VHDL Version                                                                    ; VHDL_1993            ; VHDL_1993          ;
; State Machine Processing                                                        ; Auto                 ; Auto               ;
; Safe State Machine                                                              ; Off                  ; Off                ;
; Extract Verilog State Machines                                                  ; On                   ; On                 ;
; Extract VHDL State Machines                                                     ; On                   ; On                 ;
; Ignore Verilog initial constructs                                               ; Off                  ; Off                ;
; Iteration limit for constant Verilog loops                                      ; 5000                 ; 5000               ;
; Iteration limit for non-constant Verilog loops                                  ; 250                  ; 250                ;
; Add Pass-Through Logic to Inferred RAMs                                         ; On                   ; On                 ;
; Infer RAMs from Raw Logic                                                       ; On                   ; On                 ;
; Parallel Synthesis                                                              ; On                   ; On                 ;
; DSP Block Balancing                                                             ; Auto                 ; Auto               ;
; NOT Gate Push-Back                                                              ; On                   ; On                 ;
; Power-Up Don't Care                                                             ; On                   ; On                 ;
; Remove Redundant Logic Cells                                                    ; Off                  ; Off                ;
; Remove Duplicate Registers                                                      ; On                   ; On                 ;
; Ignore CARRY Buffers                                                            ; Off                  ; Off                ;
; Ignore CASCADE Buffers                                                          ; Off                  ; Off                ;
; Ignore GLOBAL Buffers                                                           ; Off                  ; Off                ;
; Ignore ROW GLOBAL Buffers                                                       ; Off                  ; Off                ;
; Ignore LCELL Buffers                                                            ; Off                  ; Off                ;
; Ignore SOFT Buffers                                                             ; On                   ; On                 ;
; Limit AHDL Integers to 32 Bits                                                  ; Off                  ; Off                ;
; Optimization Technique                                                          ; Balanced             ; Balanced           ;
; Carry Chain Length                                                              ; 70                   ; 70                 ;
; Auto Carry Chains                                                               ; On                   ; On                 ;
; Auto Open-Drain Pins                                                            ; On                   ; On                 ;
; Perform WYSIWYG Primitive Resynthesis                                           ; Off                  ; Off                ;
; Auto ROM Replacement                                                            ; On                   ; On                 ;
; Auto RAM Replacement                                                            ; On                   ; On                 ;
; Auto DSP Block Replacement                                                      ; On                   ; On                 ;
; Auto Shift Register Replacement                                                 ; Auto                 ; Auto               ;
; Allow Shift Register Merging across Hierarchies                                 ; Auto                 ; Auto               ;
; Auto Clock Enable Replacement                                                   ; On                   ; On                 ;
; Strict RAM Replacement                                                          ; Off                  ; Off                ;
; Allow Synchronous Control Signals                                               ; On                   ; On                 ;
; Force Use of Synchronous Clear Signals                                          ; Off                  ; Off                ;
; Auto Resource Sharing                                                           ; Off                  ; Off                ;
; Allow Any RAM Size For Recognition                                              ; Off                  ; Off                ;
; Allow Any ROM Size For Recognition                                              ; Off                  ; Off                ;
; Allow Any Shift Register Size For Recognition                                   ; Off                  ; Off                ;
; Use LogicLock Constraints during Resource Balancing                             ; On                   ; On                 ;
; Ignore translate_off and synthesis_off directives                               ; Off                  ; Off                ;
; Timing-Driven Synthesis                                                         ; On                   ; On                 ;
; Report Parameter Settings                                                       ; On                   ; On                 ;
; Report Source Assignments                                                       ; On                   ; On                 ;
; Report Connectivity Checks                                                      ; On                   ; On                 ;
; Ignore Maximum Fan-Out Assignments                                              ; Off                  ; Off                ;
; Synchronization Register Chain Length                                           ; 3                    ; 3                  ;
; PowerPlay Power Optimization During Synthesis                                   ; Normal compilation   ; Normal compilation ;
; HDL message level                                                               ; Level2               ; Level2             ;
; Suppress Register Optimization Related Messages                                 ; Off                  ; Off                ;
; Number of Removed Registers Reported in Synthesis Report                        ; 5000                 ; 5000               ;
; Number of Swept Nodes Reported in Synthesis Report                              ; 5000                 ; 5000               ;
; Number of Inverted Registers Reported in Synthesis Report                       ; 100                  ; 100                ;
; Clock MUX Protection                                                            ; On                   ; On                 ;
; Auto Gated Clock Conversion                                                     ; Off                  ; Off                ;
; Block Design Naming                                                             ; Auto                 ; Auto               ;
; SDC constraint protection                                                       ; Off                  ; Off                ;
; Synthesis Effort                                                                ; Auto                 ; Auto               ;
; Shift Register Replacement - Allow Asynchronous Clear Signal                    ; On                   ; On                 ;
; Pre-Mapping Resynthesis Optimization                                            ; Off                  ; Off                ;
; Analysis & Synthesis Message Level                                              ; Medium               ; Medium             ;
; Disable Register Merging Across Hierarchies                                     ; Auto                 ; Auto               ;
; Resource Aware Inference For Block RAM                                          ; On                   ; On                 ;
; Synthesis Seed                                                                  ; 1                    ; 1                  ;
; Automatic Parallel Synthesis                                                    ; On                   ; On                 ;
; Partial Reconfiguration Bitstream ID                                            ; Off                  ; Off                ;
+---------------------------------------------------------------------------------+----------------------+--------------------+


+-----------------------------------------------------------------+
; Port Connectivity Checks: "ContadorCredito_Mux:MUX_REGISTRADOR" ;
+------------------+-------+----------+---------------------------+
; Port             ; Type  ; Severity ; Details                   ;
+------------------+-------+----------+---------------------------+
; credito23[2..0]  ; Input ; Info     ; Stuck at VCC              ;
; credito23[10..5] ; Input ; Info     ; Stuck at GND              ;
; credito23[4]     ; Input ; Info     ; Stuck at VCC              ;
; credito23[3]     ; Input ; Info     ; Stuck at GND              ;
+------------------+-------+----------+---------------------------+


+---------------------------------+
; Analysis & Elaboration Messages ;
+---------------------------------+
Info: *******************************************************************
Info: Running Quartus Prime Analysis & Elaboration
    Info: Version 15.1.0 Build 185 10/21/2015 SJ Lite Edition
    Info: Processing started: Sun Nov 29 17:31:46 2015
Info: Command: quartus_map --read_settings_files=on --write_settings_files=off ContadorCredito -c ContadorCredito --analysis_and_elaboration
Info (20030): Parallel compilation is enabled and will use 4 of the 4 processors detected
Info (12021): Found 2 design units, including 1 entities, in source file contadorcredito_somador.vhd
    Info (12022): Found design unit 1: ContadorCredito_Somador-ARCH File: C:/Users/Hetfield/Desktop/NEW PROJETO CIRCUITOS/Contador de Credito/ContadorCredito_Somador.vhd Line: 15
    Info (12023): Found entity 1: ContadorCredito_Somador File: C:/Users/Hetfield/Desktop/NEW PROJETO CIRCUITOS/Contador de Credito/ContadorCredito_Somador.vhd Line: 5
Info (12021): Found 2 design units, including 1 entities, in source file contadorcredito_registrador.vhd
    Info (12022): Found design unit 1: ContadorCredito_Registrador-ARCH File: C:/Users/Hetfield/Desktop/NEW PROJETO CIRCUITOS/Contador de Credito/ContadorCredito_Registrador.vhd Line: 15
    Info (12023): Found entity 1: ContadorCredito_Registrador File: C:/Users/Hetfield/Desktop/NEW PROJETO CIRCUITOS/Contador de Credito/ContadorCredito_Registrador.vhd Line: 4
Info (12021): Found 2 design units, including 1 entities, in source file contadorcredito_mux.vhd
    Info (12022): Found design unit 1: ContadorCredito_Mux-ARCH File: C:/Users/Hetfield/Desktop/NEW PROJETO CIRCUITOS/Contador de Credito/ContadorCredito_Mux.vhd Line: 15
    Info (12023): Found entity 1: ContadorCredito_Mux File: C:/Users/Hetfield/Desktop/NEW PROJETO CIRCUITOS/Contador de Credito/ContadorCredito_Mux.vhd Line: 5
Info (12021): Found 2 design units, including 1 entities, in source file contadorcredito_comb.vhd
    Info (12022): Found design unit 1: ContadorCredito_Comb-ARCH File: C:/Users/Hetfield/Desktop/NEW PROJETO CIRCUITOS/Contador de Credito/ContadorCredito_Comb.vhd Line: 12
    Info (12023): Found entity 1: ContadorCredito_Comb File: C:/Users/Hetfield/Desktop/NEW PROJETO CIRCUITOS/Contador de Credito/ContadorCredito_Comb.vhd Line: 4
Info (12021): Found 2 design units, including 1 entities, in source file contadorcredito_topo.vhd
    Info (12022): Found design unit 1: ContadorCredito_Topo-ARCH File: C:/Users/Hetfield/Desktop/NEW PROJETO CIRCUITOS/Contador de Credito/ContadorCredito_Topo.vhd Line: 21
    Info (12023): Found entity 1: ContadorCredito_Topo File: C:/Users/Hetfield/Desktop/NEW PROJETO CIRCUITOS/Contador de Credito/ContadorCredito_Topo.vhd Line: 4
Info (12127): Elaborating entity "ContadorCredito_Topo" for the top level hierarchy
Warning (10541): VHDL Signal Declaration warning at ContadorCredito_Topo.vhd(67): used implicit default value for signal "saida_registrador_somador" because signal was never assigned a value or an explicit default value. Use of implicit default value may introduce unintended design optimizations. File: C:/Users/Hetfield/Desktop/NEW PROJETO CIRCUITOS/Contador de Credito/ContadorCredito_Topo.vhd Line: 67
Info (12128): Elaborating entity "ContadorCredito_Somador" for hierarchy "ContadorCredito_Somador:SOMADOR_SUBTRATOR" File: C:/Users/Hetfield/Desktop/NEW PROJETO CIRCUITOS/Contador de Credito/ContadorCredito_Topo.vhd Line: 77
Info (12128): Elaborating entity "ContadorCredito_Mux" for hierarchy "ContadorCredito_Mux:MUX_REGISTRADOR" File: C:/Users/Hetfield/Desktop/NEW PROJETO CIRCUITOS/Contador de Credito/ContadorCredito_Topo.vhd Line: 79
Info (12128): Elaborating entity "ContadorCredito_Comb" for hierarchy "ContadorCredito_Comb:COMB_REGISTRADOR" File: C:/Users/Hetfield/Desktop/NEW PROJETO CIRCUITOS/Contador de Credito/ContadorCredito_Topo.vhd Line: 81
Info (12128): Elaborating entity "ContadorCredito_Registrador" for hierarchy "ContadorCredito_Registrador:REGISTRADOR" File: C:/Users/Hetfield/Desktop/NEW PROJETO CIRCUITOS/Contador de Credito/ContadorCredito_Topo.vhd Line: 83
Info: Quartus Prime Analysis & Elaboration was successful. 0 errors, 1 warning
    Info: Peak virtual memory: 855 megabytes
    Info: Processing ended: Sun Nov 29 17:32:01 2015
    Info: Elapsed time: 00:00:15
    Info: Total CPU time (on all processors): 00:00:35


